<?xml version="1.0" encoding="UTF-8"?>
<!-- Generated by org.testng.reporters.JUnitReportReporter -->
<testsuite skipped="0" hostname="DESKTOP-C2KOF2B" name="test.LoginTest" tests="1" failures="0" timestamp="21 Feb 2020 17:04:44 GMT" time="6.420" errors="0">
  <testcase name="ValidUserShoulBeAbleToLogIn" time="6.420" classname="test.LoginTest"/>
</testsuite> <!-- test.LoginTest -->
